<?xml version="1.0" encoding="UTF-8"?>
<!-- Generated by org.testng.reporters.JUnitXMLReporter -->
<testsuite ignored="0" hostname="DESKTOP-UA7G0ND" failures="0" tests="3" name="Default test" time="24.176" errors="0" timestamp="2024-07-02T15:52:26 IST">
  <testcase classname="codewithharry.tests.SubmitCartTest" name="submitCart" time="4.08"/>
  <testcase classname="codewithharry.tests.SubmitCartTest" name="submitCart" time="3.648"/>
  <testcase classname="codewithharry.tests.SubmitCartTest" name="OrderConfirmed" time="3.676"/>
</testsuite> <!-- Default test -->
