<?xml version="1.0" encoding="UTF-8"?>
<testng-results ignored="0" total="3" passed="3" failed="0" skipped="0">
  <reporter-output>
  </reporter-output>
  <suite started-at="2024-07-02T15:52:02 IST" name="Default suite" finished-at="2024-07-02T15:52:26 IST" duration-ms="24176">
    <groups>
      <group name="Purchase Product">
        <method signature="SubmitCartTest.submitCart(java.util.HashMap)[pri:0, instance:codewithharry.tests.SubmitCartTest@710f4dc7]" name="submitCart" class="codewithharry.tests.SubmitCartTest"/>
      </group> <!-- Purchase Product -->
    </groups>
    <test started-at="2024-07-02T15:52:02 IST" name="Default test" finished-at="2024-07-02T15:52:26 IST" duration-ms="24176">
      <class name="codewithharry.tests.SubmitCartTest">
        <test-method is-config="true" signature="launchApplication()[pri:0, instance:codewithharry.tests.SubmitCartTest@710f4dc7]" started-at="2024-07-02T15:52:02 IST" name="launchApplication" finished-at="2024-07-02T15:52:08 IST" duration-ms="5759" status="PASS">
          <reporter-output>
          </reporter-output>
        </test-method> <!-- launchApplication -->
        <test-method signature="submitCart(java.util.HashMap)[pri:0, instance:codewithharry.tests.SubmitCartTest@710f4dc7]" started-at="2024-07-02T15:52:08 IST" name="submitCart" data-provider="getData" finished-at="2024-07-02T15:52:12 IST" duration-ms="4080" status="PASS">
          <params>
            <param index="0">
              <value>
                <![CDATA[{password=harry@Code5, product=IPHONE 13 PRO, email=harrysindhia@gmail.com}]]>
              </value>
            </param>
          </params>
          <reporter-output>
          </reporter-output>
        </test-method> <!-- submitCart -->
        <test-method is-config="true" signature="closeDriver()[pri:0, instance:codewithharry.tests.SubmitCartTest@710f4dc7]" started-at="2024-07-02T15:52:12 IST" name="closeDriver" finished-at="2024-07-02T15:52:13 IST" duration-ms="325" status="PASS">
          <reporter-output>
          </reporter-output>
        </test-method> <!-- closeDriver -->
        <test-method is-config="true" signature="launchApplication()[pri:0, instance:codewithharry.tests.SubmitCartTest@710f4dc7]" started-at="2024-07-02T15:52:13 IST" name="launchApplication" finished-at="2024-07-02T15:52:16 IST" duration-ms="3780" status="PASS">
          <reporter-output>
          </reporter-output>
        </test-method> <!-- launchApplication -->
        <test-method signature="submitCart(java.util.HashMap)[pri:0, instance:codewithharry.tests.SubmitCartTest@710f4dc7]" started-at="2024-07-02T15:52:16 IST" name="submitCart" data-provider="getData" finished-at="2024-07-02T15:52:20 IST" duration-ms="3648" status="PASS">
          <params>
            <param index="0">
              <value>
                <![CDATA[{password=harryCode@5, product=ADIDAS ORIGINAL, email=harrycoder@gmail.com}]]>
              </value>
            </param>
          </params>
          <reporter-output>
          </reporter-output>
        </test-method> <!-- submitCart -->
        <test-method is-config="true" signature="closeDriver()[pri:0, instance:codewithharry.tests.SubmitCartTest@710f4dc7]" started-at="2024-07-02T15:52:20 IST" name="closeDriver" finished-at="2024-07-02T15:52:20 IST" duration-ms="337" status="PASS">
          <reporter-output>
          </reporter-output>
        </test-method> <!-- closeDriver -->
        <test-method is-config="true" signature="launchApplication()[pri:0, instance:codewithharry.tests.SubmitCartTest@710f4dc7]" started-at="2024-07-02T15:52:20 IST" name="launchApplication" finished-at="2024-07-02T15:52:22 IST" duration-ms="1788" status="PASS">
          <reporter-output>
          </reporter-output>
        </test-method> <!-- launchApplication -->
        <test-method signature="OrderConfirmed()[pri:0, instance:codewithharry.tests.SubmitCartTest@710f4dc7]" started-at="2024-07-02T15:52:22 IST" name="OrderConfirmed" finished-at="2024-07-02T15:52:26 IST" depends-on-methods="codewithharry.tests.SubmitCartTest.submitCart" duration-ms="3676" status="PASS">
          <reporter-output>
          </reporter-output>
        </test-method> <!-- OrderConfirmed -->
        <test-method is-config="true" signature="closeDriver()[pri:0, instance:codewithharry.tests.SubmitCartTest@710f4dc7]" started-at="2024-07-02T15:52:26 IST" name="closeDriver" finished-at="2024-07-02T15:52:26 IST" duration-ms="325" status="PASS">
          <reporter-output>
          </reporter-output>
        </test-method> <!-- closeDriver -->
      </class> <!-- codewithharry.tests.SubmitCartTest -->
    </test> <!-- Default test -->
  </suite> <!-- Default suite -->
</testng-results>
